2008-02-25 22:45:23 Notice: Notice (8): Undefined index:  save in [APP/controllers/pastes_controller.php, line 281]
2008-02-25 22:45:23 Notice: Notice (8): Undefined index:  id in [APP/controllers/pastes_controller.php, line 287]
2008-02-25 22:45:23 Notice: Notice (8): Undefined index:  lang in [APP/views/pastes/view.thtml, line 6]
2008-02-25 22:45:23 Notice: Notice (8): Undefined index:  lang in [APP/views/pastes/view.thtml, line 27]
2008-02-25 22:45:23 Notice: Notice (8): Undefined index:  save in [APP/views/pastes/view.thtml, line 29]
2008-02-25 22:45:23 Notice: Notice (8): Undefined index:  nick in [APP/views/pastes/view.thtml, line 37]
2008-02-25 22:45:23 Notice: Notice (8): Undefined index:  save in [APP/views/pastes/view.thtml, line 40]
2008-02-25 22:45:23 Notice: Notice (8): Undefined index:  nick in [APP/views/pastes/view.thtml, line 58]
2008-02-25 22:45:23 Notice: Notice (8): Undefined index:  body in [APP/views/pastes/view.thtml, line 66]
2008-02-25 22:46:01 Notice: Notice (8): Undefined index:  save in [APP/controllers/pastes_controller.php, line 281]
2008-02-25 22:46:01 Notice: Notice (8): Undefined index:  id in [APP/controllers/pastes_controller.php, line 287]
2008-02-25 22:46:01 Notice: Notice (8): Undefined index:  lang in [APP/views/pastes/view.thtml, line 6]
2008-02-25 22:46:02 Notice: Notice (8): Undefined index:  lang in [APP/views/pastes/view.thtml, line 27]
2008-02-25 22:46:02 Notice: Notice (8): Undefined index:  save in [APP/views/pastes/view.thtml, line 29]
2008-02-25 22:46:02 Notice: Notice (8): Undefined index:  nick in [APP/views/pastes/view.thtml, line 37]
2008-02-25 22:46:02 Notice: Notice (8): Undefined index:  save in [APP/views/pastes/view.thtml, line 40]
2008-02-25 22:46:02 Notice: Notice (8): Undefined index:  nick in [APP/views/pastes/view.thtml, line 58]
2008-02-25 22:46:02 Notice: Notice (8): Undefined index:  body in [APP/views/pastes/view.thtml, line 66]
2008-10-02 19:13:26 Notice: Notice (8): Use of undefined constant DEBUG - assumed 'DEBUG' in [APP/webroot/index.php, line 84]
2011-02-04 16:29:18 Notice: Notice (8): Use of undefined constant DEBUG - assumed 'DEBUG' in [APP/webroot/index.php, line 84]
2011-02-04 16:29:23 Notice: Notice (8): Use of undefined constant DEBUG - assumed 'DEBUG' in [APP/webroot/index.php, line 84]
